2011-05-26 23:24:34,475 [pool-1-thread-1] (CxScanJob.java:78) INFO  - Packing project
2011-05-26 23:24:36,554 [pool-1-thread-1] (CxScanJob.java:97) INFO  - Project name is "console.project_1306441476554"
2011-05-26 23:24:36,554 [pool-1-thread-1] (CxScanJob.java:106) INFO  - Log in
2011-05-26 23:24:36,929 [pool-1-thread-1] (CxScanJob.java:112) INFO  - Retrieving scan configurations
2011-05-26 23:24:37,007 [pool-1-thread-1] (CxScanJob.java:130) INFO  - Request scan
2011-05-26 23:24:40,211 [pool-1-thread-1] (CxScanJob.java:416) TRACE - Project scan request response:RunScanResult(scanId:39aa827f-44f1-4078-8620-357a1327de1c)
2011-05-26 23:24:40,242 [pool-2-thread-1] (WaitScanCompletionJob.java:56) TRACE - getScanStatus: GetStatusOfScanResult(<?xml version="1.0" encoding="utf-16"?>
<GetScanStatusReplySchema xmlns:xsi="http://www.w3.org/2001/XMLSchema-instance" xmlns:xsd="http://www.w3.org/2001/XMLSchema" xmlns="CxWebAPI.xsd">
  <IsSuccesfull>true</IsSuccesfull>
  <ReturnValue>
    <Status RunId="39aa827f-44f1-4078-8620-357a1327de1c" RunStatus="Queued" TotalPercent="0" CurrentStage="0" StageName="" CurrentStagePercent="0" StageMessage="" StepMessage="" Details="" TimeStarted="26/05/2011 23:16:18" TimeFinished="26/05/2013 23:16:18" QueuePosition="-1" />
  </ReturnValue>
</GetScanStatusReplySchema>)
2011-05-26 23:24:40,242 [pool-2-thread-1] (WaitScanCompletionJob.java:68) INFO  - Total scan worked: 0%
2011-05-26 23:24:40,242 [pool-2-thread-1] (WaitScanCompletionJob.java:90) INFO  - Scan state: Queued
2011-05-26 23:24:40,242 [pool-2-thread-1] (WaitScanCompletionJob.java:94) TRACE - Queued
 (0%) 
2011-05-26 23:25:40,268 [pool-2-thread-1] (WaitScanCompletionJob.java:56) TRACE - getScanStatus: GetStatusOfScanResult(<?xml version="1.0" encoding="utf-16"?>
<GetScanStatusReplySchema xmlns:xsi="http://www.w3.org/2001/XMLSchema-instance" xmlns:xsd="http://www.w3.org/2001/XMLSchema" xmlns="CxWebAPI.xsd">
  <IsSuccesfull>true</IsSuccesfull>
  <ReturnValue>
    <Status RunId="39aa827f-44f1-4078-8620-357a1327de1c" RunStatus="Running" TotalPercent="25" CurrentStage="11" StageName="Saving code flows" CurrentStagePercent="22" StageMessage="Stage # 12 of 22" StepMessage="Processing # 323 of 1419" Details="org.owasp.webgoat.lessons.HttpOnly.createContent" TimeStarted="26/05/2011 23:16:18" TimeFinished="26/05/2013 23:16:18" QueuePosition="-1" />
  </ReturnValue>
</GetScanStatusReplySchema>)
2011-05-26 23:25:40,283 [pool-2-thread-1] (WaitScanCompletionJob.java:68) INFO  - Total scan worked: 25%
2011-05-26 23:25:40,283 [pool-2-thread-1] (WaitScanCompletionJob.java:84) INFO  - Current stage:  "Saving code flows" - Stage # 12 of 22
2011-05-26 23:25:40,283 [pool-2-thread-1] (WaitScanCompletionJob.java:94) TRACE - Running "Saving code flows"
Stage # 12 of 22 (22%) Processing # 323 of 1419
2011-05-26 23:26:40,309 [pool-2-thread-1] (WaitScanCompletionJob.java:56) TRACE - getScanStatus: GetStatusOfScanResult(<?xml version="1.0" encoding="utf-16"?>
<GetScanStatusReplySchema xmlns:xsi="http://www.w3.org/2001/XMLSchema-instance" xmlns:xsd="http://www.w3.org/2001/XMLSchema" xmlns="CxWebAPI.xsd">
  <IsSuccesfull>true</IsSuccesfull>
  <ReturnValue>
    <Status RunId="39aa827f-44f1-4078-8620-357a1327de1c" RunStatus="Running" TotalPercent="27" CurrentStage="12" StageName="Optimizing memory" CurrentStagePercent="64" StageMessage="Stage # 13 of 22" StepMessage="Processing # 6157 of 9609" Details="org.owasp.webgoat.lessons.WeakSessionID.createContent" TimeStarted="26/05/2011 23:16:18" TimeFinished="26/05/2013 23:16:18" QueuePosition="-1" />
  </ReturnValue>
</GetScanStatusReplySchema>)
2011-05-26 23:26:40,309 [pool-2-thread-1] (WaitScanCompletionJob.java:68) INFO  - Total scan worked: 27%
2011-05-26 23:26:40,324 [pool-2-thread-1] (WaitScanCompletionJob.java:84) INFO  - Current stage:  "Optimizing memory" - Stage # 13 of 22
2011-05-26 23:26:40,324 [pool-2-thread-1] (WaitScanCompletionJob.java:94) TRACE - Running "Optimizing memory"
Stage # 13 of 22 (64%) Processing # 6157 of 9609
2011-05-26 23:27:40,334 [pool-2-thread-1] (WaitScanCompletionJob.java:56) TRACE - getScanStatus: GetStatusOfScanResult(<?xml version="1.0" encoding="utf-16"?>
<GetScanStatusReplySchema xmlns:xsi="http://www.w3.org/2001/XMLSchema-instance" xmlns:xsd="http://www.w3.org/2001/XMLSchema" xmlns="CxWebAPI.xsd">
  <IsSuccesfull>true</IsSuccesfull>
  <ReturnValue>
    <Status RunId="39aa827f-44f1-4078-8620-357a1327de1c" RunStatus="Running" TotalPercent="29" CurrentStage="13" StageName="Analyzing internal representation" CurrentStagePercent="54" StageMessage="Stage # 14 of 22" StepMessage="Processing # 3080 of 5676" Details="Stage # 14 of 22" TimeStarted="26/05/2011 23:16:18" TimeFinished="26/05/2013 23:16:18" QueuePosition="-1" />
  </ReturnValue>
</GetScanStatusReplySchema>)
2011-05-26 23:27:40,334 [pool-2-thread-1] (WaitScanCompletionJob.java:68) INFO  - Total scan worked: 29%
2011-05-26 23:27:40,334 [pool-2-thread-1] (WaitScanCompletionJob.java:84) INFO  - Current stage:  "Analyzing internal representation" - Stage # 14 of 22
2011-05-26 23:27:40,350 [pool-2-thread-1] (WaitScanCompletionJob.java:94) TRACE - Running "Analyzing internal representation"
Stage # 14 of 22 (54%) Processing # 3080 of 5676
2011-05-26 23:28:40,360 [pool-2-thread-1] (WaitScanCompletionJob.java:56) TRACE - getScanStatus: GetStatusOfScanResult(<?xml version="1.0" encoding="utf-16"?>
<GetScanStatusReplySchema xmlns:xsi="http://www.w3.org/2001/XMLSchema-instance" xmlns:xsd="http://www.w3.org/2001/XMLSchema" xmlns="CxWebAPI.xsd">
  <IsSuccesfull>true</IsSuccesfull>
  <ReturnValue>
    <Status RunId="39aa827f-44f1-4078-8620-357a1327de1c" RunStatus="Running" TotalPercent="66" CurrentStage="20" StageName="Querying" CurrentStagePercent="32" StageMessage="Running query: XPath_Injection" StepMessage="Processing # 47 of 144" Details="XPath_Injection" TimeStarted="26/05/2011 23:16:18" TimeFinished="26/05/2013 23:16:18" QueuePosition="-1" />
  </ReturnValue>
</GetScanStatusReplySchema>)
2011-05-26 23:28:40,360 [pool-2-thread-1] (WaitScanCompletionJob.java:68) INFO  - Total scan worked: 66%
2011-05-26 23:28:40,376 [pool-2-thread-1] (WaitScanCompletionJob.java:84) INFO  - Current stage:  "Querying" - Running query: XPath_Injection
2011-05-26 23:28:40,376 [pool-2-thread-1] (WaitScanCompletionJob.java:94) TRACE - Running "Querying"
Running query: XPath_Injection (32%) Processing # 47 of 144
2011-05-26 23:29:40,401 [pool-2-thread-1] (WaitScanCompletionJob.java:56) TRACE - getScanStatus: GetStatusOfScanResult(<?xml version="1.0" encoding="utf-16"?>
<GetScanStatusReplySchema xmlns:xsi="http://www.w3.org/2001/XMLSchema-instance" xmlns:xsd="http://www.w3.org/2001/XMLSchema" xmlns="CxWebAPI.xsd">
  <IsSuccesfull>true</IsSuccesfull>
  <ReturnValue>
    <Status RunId="39aa827f-44f1-4078-8620-357a1327de1c" RunStatus="Running" TotalPercent="78" CurrentStage="20" StageName="Querying" CurrentStagePercent="56" StageMessage="Running query: DoS_by_Sleep" StepMessage="Processing # 81 of 144" Details="DoS_by_Sleep" TimeStarted="26/05/2011 23:16:18" TimeFinished="26/05/2013 23:16:18" QueuePosition="-1" />
  </ReturnValue>
</GetScanStatusReplySchema>)
2011-05-26 23:29:40,417 [pool-2-thread-1] (WaitScanCompletionJob.java:68) INFO  - Total scan worked: 78%
2011-05-26 23:29:40,417 [pool-2-thread-1] (WaitScanCompletionJob.java:84) INFO  - Current stage:  "Querying" - Running query: DoS_by_Sleep
2011-05-26 23:29:40,417 [pool-2-thread-1] (WaitScanCompletionJob.java:94) TRACE - Running "Querying"
Running query: DoS_by_Sleep (56%) Processing # 81 of 144
2011-05-26 23:30:40,458 [pool-2-thread-1] (WaitScanCompletionJob.java:56) TRACE - getScanStatus: GetStatusOfScanResult(<?xml version="1.0" encoding="utf-16"?>
<GetScanStatusReplySchema xmlns:xsi="http://www.w3.org/2001/XMLSchema-instance" xmlns:xsd="http://www.w3.org/2001/XMLSchema" xmlns="CxWebAPI.xsd">
  <IsSuccesfull>true</IsSuccesfull>
  <ReturnValue>
    <Status RunId="39aa827f-44f1-4078-8620-357a1327de1c" RunStatus="Running" TotalPercent="88" CurrentStage="20" StageName="Querying" CurrentStagePercent="77" StageMessage="Running query: Validation_Turned_Off" StepMessage="Processing # 112 of 144" Details="Validation_Turned_Off" TimeStarted="26/05/2011 23:16:18" TimeFinished="26/05/2013 23:16:18" QueuePosition="-1" />
  </ReturnValue>
</GetScanStatusReplySchema>)
2011-05-26 23:30:40,536 [pool-2-thread-1] (WaitScanCompletionJob.java:68) INFO  - Total scan worked: 88%
2011-05-26 23:30:40,536 [pool-2-thread-1] (WaitScanCompletionJob.java:84) INFO  - Current stage:  "Querying" - Running query: Validation_Turned_Off
2011-05-26 23:30:40,536 [pool-2-thread-1] (WaitScanCompletionJob.java:94) TRACE - Running "Querying"
Running query: Validation_Turned_Off (77%) Processing # 112 of 144
2011-05-26 23:31:40,562 [pool-2-thread-1] (WaitScanCompletionJob.java:56) TRACE - getScanStatus: GetStatusOfScanResult(<?xml version="1.0" encoding="utf-16"?>
<GetScanStatusReplySchema xmlns:xsi="http://www.w3.org/2001/XMLSchema-instance" xmlns:xsd="http://www.w3.org/2001/XMLSchema" xmlns="CxWebAPI.xsd">
  <IsSuccesfull>true</IsSuccesfull>
  <ReturnValue>
    <Status RunId="39aa827f-44f1-4078-8620-357a1327de1c" RunStatus="Running" TotalPercent="96" CurrentStage="20" StageName="Querying" CurrentStagePercent="93" StageMessage="Running query: DOM_Code_Injection" StepMessage="Processing # 135 of 144" Details="DOM_Code_Injection" TimeStarted="26/05/2011 23:16:18" TimeFinished="26/05/2013 23:16:18" QueuePosition="-1" />
  </ReturnValue>
</GetScanStatusReplySchema>)
2011-05-26 23:31:40,562 [pool-2-thread-1] (WaitScanCompletionJob.java:68) INFO  - Total scan worked: 96%
2011-05-26 23:31:40,562 [pool-2-thread-1] (WaitScanCompletionJob.java:84) INFO  - Current stage:  "Querying" - Running query: DOM_Code_Injection
2011-05-26 23:31:40,562 [pool-2-thread-1] (WaitScanCompletionJob.java:94) TRACE - Running "Querying"
Running query: DOM_Code_Injection (93%) Processing # 135 of 144
2011-05-26 23:32:40,588 [pool-2-thread-1] (WaitScanCompletionJob.java:56) TRACE - getScanStatus: GetStatusOfScanResult(<?xml version="1.0" encoding="utf-16"?>
<GetScanStatusReplySchema xmlns:xsi="http://www.w3.org/2001/XMLSchema-instance" xmlns:xsd="http://www.w3.org/2001/XMLSchema" xmlns="CxWebAPI.xsd">
  <IsSuccesfull>true</IsSuccesfull>
  <ReturnValue>
    <Status RunId="39aa827f-44f1-4078-8620-357a1327de1c" RunStatus="Running" TotalPercent="99" CurrentStage="20" StageName="Querying" CurrentStagePercent="99" StageMessage="Running query: XSRF" StepMessage="Processing # 143 of 144" Details="XSRF" TimeStarted="26/05/2011 23:16:18" TimeFinished="26/05/2013 23:16:18" QueuePosition="-1" />
  </ReturnValue>
</GetScanStatusReplySchema>)
2011-05-26 23:32:40,588 [pool-2-thread-1] (WaitScanCompletionJob.java:68) INFO  - Total scan worked: 99%
2011-05-26 23:32:40,588 [pool-2-thread-1] (WaitScanCompletionJob.java:84) INFO  - Current stage:  "Querying" - Running query: XSRF
2011-05-26 23:32:40,588 [pool-2-thread-1] (WaitScanCompletionJob.java:94) TRACE - Running "Querying"
Running query: XSRF (99%) Processing # 143 of 144
2011-05-26 23:33:40,613 [pool-2-thread-1] (WaitScanCompletionJob.java:56) TRACE - getScanStatus: GetStatusOfScanResult(<?xml version="1.0" encoding="utf-16"?>
<GetScanStatusReplySchema xmlns:xsi="http://www.w3.org/2001/XMLSchema-instance" xmlns:xsd="http://www.w3.org/2001/XMLSchema" xmlns="CxWebAPI.xsd">
  <IsSuccesfull>true</IsSuccesfull>
  <ReturnValue>
    <Status RunId="39aa827f-44f1-4078-8620-357a1327de1c" RunStatus="Running" TotalPercent="99" CurrentStage="20" CurrentStagePercent="0" StageMessage="Saving results..." Details="XSRF" TimeStarted="26/05/2011 23:16:18" TimeFinished="26/05/2011 23:24:27" QueuePosition="-1" />
  </ReturnValue>
</GetScanStatusReplySchema>)
2011-05-26 23:33:40,613 [pool-2-thread-1] (WaitScanCompletionJob.java:68) INFO  - Total scan worked: 99%
2011-05-26 23:33:40,613 [pool-2-thread-1] (WaitScanCompletionJob.java:88) INFO  - Current stage: Saving results...
2011-05-26 23:33:40,613 [pool-2-thread-1] (WaitScanCompletionJob.java:94) TRACE - Running
Saving results... (0%) 
2011-05-26 23:34:40,639 [pool-2-thread-1] (WaitScanCompletionJob.java:56) TRACE - getScanStatus: GetStatusOfScanResult(<?xml version="1.0" encoding="utf-16"?>
<GetScanStatusReplySchema xmlns:xsi="http://www.w3.org/2001/XMLSchema-instance" xmlns:xsd="http://www.w3.org/2001/XMLSchema" xmlns="CxWebAPI.xsd">
  <IsSuccesfull>true</IsSuccesfull>
  <ReturnValue>
    <Status RunId="39aa827f-44f1-4078-8620-357a1327de1c" RunStatus="Finished" TotalPercent="100" CurrentStage="2147483647" StageName="" CurrentStagePercent="0" StageMessage="Finish saving results" StepMessage="" Details="" TimeStarted="26/05/2011 23:16:18" TimeFinished="26/05/2011 23:26:11" QueuePosition="-1" />
  </ReturnValue>
</GetScanStatusReplySchema>)
2011-05-26 23:34:40,639 [pool-2-thread-1] (WaitScanCompletionJob.java:68) INFO  - Total scan worked: 100%
2011-05-26 23:34:40,639 [pool-2-thread-1] (WaitScanCompletionJob.java:88) INFO  - Current stage: Finish saving results
2011-05-26 23:34:40,639 [pool-2-thread-1] (WaitScanCompletionJob.java:94) TRACE - Finished
Finish saving results (0%) 
2011-05-26 23:34:40,654 [pool-1-thread-1] (CxScanJob.java:158) INFO  - Retrieving results
2011-05-30 22:25:30,644 [pool-1-thread-1] (CxScanJob.java:78) INFO  - Packing project
2011-05-30 22:25:33,192 [pool-1-thread-1] (CxScanJob.java:97) INFO  - Project name is "console.project_1306783533192"
2011-05-30 22:25:33,192 [pool-1-thread-1] (CxScanJob.java:106) INFO  - Log in
2011-05-30 22:25:33,582 [pool-1-thread-1] (CxScanJob.java:112) INFO  - Retrieving scan configurations
2011-05-30 22:25:33,660 [pool-1-thread-1] (CxScanJob.java:130) INFO  - Request scan
2011-05-30 22:25:38,349 [pool-1-thread-1] (CxScanJob.java:416) TRACE - Project scan request response:RunScanResult(scanId:d5e69765-349a-4804-a9cb-77ff04c11424)
2011-05-30 22:25:38,364 [pool-2-thread-1] (WaitScanCompletionJob.java:56) TRACE - getScanStatus: GetStatusOfScanResult(<?xml version="1.0" encoding="utf-16"?>
<GetScanStatusReplySchema xmlns:xsi="http://www.w3.org/2001/XMLSchema-instance" xmlns:xsd="http://www.w3.org/2001/XMLSchema" xmlns="CxWebAPI.xsd">
  <IsSuccesfull>true</IsSuccesfull>
  <ReturnValue>
    <Status RunId="d5e69765-349a-4804-a9cb-77ff04c11424" RunStatus="Queued" TotalPercent="0" CurrentStage="0" StageName="" CurrentStagePercent="0" StageMessage="" StepMessage="" Details="" TimeStarted="30/05/2011 22:25:20" TimeFinished="30/05/2013 22:25:20" QueuePosition="-1" />
  </ReturnValue>
</GetScanStatusReplySchema>)
2011-05-30 22:25:38,364 [pool-2-thread-1] (WaitScanCompletionJob.java:68) INFO  - Total scan worked: 0%
2011-05-30 22:25:38,364 [pool-2-thread-1] (WaitScanCompletionJob.java:90) INFO  - Scan state: Queued
2011-05-30 22:25:38,364 [pool-2-thread-1] (WaitScanCompletionJob.java:94) TRACE - Queued
 (0%) 
2011-05-30 22:26:38,389 [pool-2-thread-1] (WaitScanCompletionJob.java:56) TRACE - getScanStatus: GetStatusOfScanResult(<?xml version="1.0" encoding="utf-16"?>
<GetScanStatusReplySchema xmlns:xsi="http://www.w3.org/2001/XMLSchema-instance" xmlns:xsd="http://www.w3.org/2001/XMLSchema" xmlns="CxWebAPI.xsd">
  <IsSuccesfull>true</IsSuccesfull>
  <ReturnValue>
    <Status RunId="d5e69765-349a-4804-a9cb-77ff04c11424" RunStatus="Running" TotalPercent="25" CurrentStage="11" StageName="Saving code flows" CurrentStagePercent="30" StageMessage="Stage # 12 of 22" StepMessage="Processing # 433 of 1419" Details="org.owasp.webgoat.lessons.SilentTransactions.handleRequest" TimeStarted="30/05/2011 22:25:20" TimeFinished="30/05/2013 22:25:20" QueuePosition="-1" />
  </ReturnValue>
</GetScanStatusReplySchema>)
2011-05-30 22:26:38,389 [pool-2-thread-1] (WaitScanCompletionJob.java:68) INFO  - Total scan worked: 25%
2011-05-30 22:26:38,389 [pool-2-thread-1] (WaitScanCompletionJob.java:84) INFO  - Current stage:  "Saving code flows" - Stage # 12 of 22
2011-05-30 22:26:38,389 [pool-2-thread-1] (WaitScanCompletionJob.java:94) TRACE - Running "Saving code flows"
Stage # 12 of 22 (30%) Processing # 433 of 1419
2011-05-30 22:27:38,429 [pool-2-thread-1] (WaitScanCompletionJob.java:56) TRACE - getScanStatus: GetStatusOfScanResult(<?xml version="1.0" encoding="utf-16"?>
<GetScanStatusReplySchema xmlns:xsi="http://www.w3.org/2001/XMLSchema-instance" xmlns:xsd="http://www.w3.org/2001/XMLSchema" xmlns="CxWebAPI.xsd">
  <IsSuccesfull>true</IsSuccesfull>
  <ReturnValue>
    <Status RunId="d5e69765-349a-4804-a9cb-77ff04c11424" RunStatus="Running" TotalPercent="27" CurrentStage="12" StageName="Optimizing memory" CurrentStagePercent="53" StageMessage="Stage # 13 of 22" StepMessage="Processing # 5132 of 9609" Details="org.owasp.webgoat.lessons.PathBasedAccessControl.createContent" TimeStarted="30/05/2011 22:25:20" TimeFinished="30/05/2013 22:25:20" QueuePosition="-1" />
  </ReturnValue>
</GetScanStatusReplySchema>)
2011-05-30 22:27:38,429 [pool-2-thread-1] (WaitScanCompletionJob.java:68) INFO  - Total scan worked: 27%
2011-05-30 22:27:38,429 [pool-2-thread-1] (WaitScanCompletionJob.java:84) INFO  - Current stage:  "Optimizing memory" - Stage # 13 of 22
2011-05-30 22:27:38,429 [pool-2-thread-1] (WaitScanCompletionJob.java:94) TRACE - Running "Optimizing memory"
Stage # 13 of 22 (53%) Processing # 5132 of 9609
2011-05-30 22:28:38,453 [pool-2-thread-1] (WaitScanCompletionJob.java:56) TRACE - getScanStatus: GetStatusOfScanResult(<?xml version="1.0" encoding="utf-16"?>
<GetScanStatusReplySchema xmlns:xsi="http://www.w3.org/2001/XMLSchema-instance" xmlns:xsd="http://www.w3.org/2001/XMLSchema" xmlns="CxWebAPI.xsd">
  <IsSuccesfull>true</IsSuccesfull>
  <ReturnValue>
    <Status RunId="d5e69765-349a-4804-a9cb-77ff04c11424" RunStatus="Running" TotalPercent="29" CurrentStage="13" StageName="Analyzing internal representation" CurrentStagePercent="50" StageMessage="Stage # 14 of 22" StepMessage="Processing # 2838 of 5676" Details="Stage # 14 of 22" TimeStarted="30/05/2011 22:25:20" TimeFinished="30/05/2013 22:25:20" QueuePosition="-1" />
  </ReturnValue>
</GetScanStatusReplySchema>)
2011-05-30 22:28:38,453 [pool-2-thread-1] (WaitScanCompletionJob.java:68) INFO  - Total scan worked: 29%
2011-05-30 22:28:38,453 [pool-2-thread-1] (WaitScanCompletionJob.java:84) INFO  - Current stage:  "Analyzing internal representation" - Stage # 14 of 22
2011-05-30 22:28:38,453 [pool-2-thread-1] (WaitScanCompletionJob.java:94) TRACE - Running "Analyzing internal representation"
Stage # 14 of 22 (50%) Processing # 2838 of 5676
2011-05-30 22:29:38,478 [pool-2-thread-1] (WaitScanCompletionJob.java:56) TRACE - getScanStatus: GetStatusOfScanResult(<?xml version="1.0" encoding="utf-16"?>
<GetScanStatusReplySchema xmlns:xsi="http://www.w3.org/2001/XMLSchema-instance" xmlns:xsd="http://www.w3.org/2001/XMLSchema" xmlns="CxWebAPI.xsd">
  <IsSuccesfull>true</IsSuccesfull>
  <ReturnValue>
    <Status RunId="d5e69765-349a-4804-a9cb-77ff04c11424" RunStatus="Running" TotalPercent="64" CurrentStage="20" StageName="Querying" CurrentStagePercent="29" StageMessage="Running query: Command_Injection" StepMessage="Processing # 42 of 144" Details="Command_Injection" TimeStarted="30/05/2011 22:25:20" TimeFinished="30/05/2013 22:25:20" QueuePosition="-1" />
  </ReturnValue>
</GetScanStatusReplySchema>)
2011-05-30 22:29:38,478 [pool-2-thread-1] (WaitScanCompletionJob.java:68) INFO  - Total scan worked: 64%
2011-05-30 22:29:38,478 [pool-2-thread-1] (WaitScanCompletionJob.java:84) INFO  - Current stage:  "Querying" - Running query: Command_Injection
2011-05-30 22:29:38,478 [pool-2-thread-1] (WaitScanCompletionJob.java:94) TRACE - Running "Querying"
Running query: Command_Injection (29%) Processing # 42 of 144
2011-05-30 22:30:38,502 [pool-2-thread-1] (WaitScanCompletionJob.java:56) TRACE - getScanStatus: GetStatusOfScanResult(<?xml version="1.0" encoding="utf-16"?>
<GetScanStatusReplySchema xmlns:xsi="http://www.w3.org/2001/XMLSchema-instance" xmlns:xsd="http://www.w3.org/2001/XMLSchema" xmlns="CxWebAPI.xsd">
  <IsSuccesfull>true</IsSuccesfull>
  <ReturnValue>
    <Status RunId="d5e69765-349a-4804-a9cb-77ff04c11424" RunStatus="Running" TotalPercent="75" CurrentStage="20" StageName="Querying" CurrentStagePercent="50" StageMessage="Running query: UTF7_XSS" StepMessage="Processing # 72 of 144" Details="UTF7_XSS" TimeStarted="30/05/2011 22:25:20" TimeFinished="30/05/2013 22:25:20" QueuePosition="-1" />
  </ReturnValue>
</GetScanStatusReplySchema>)
2011-05-30 22:30:38,518 [pool-2-thread-1] (WaitScanCompletionJob.java:68) INFO  - Total scan worked: 75%
2011-05-30 22:30:38,518 [pool-2-thread-1] (WaitScanCompletionJob.java:84) INFO  - Current stage:  "Querying" - Running query: UTF7_XSS
2011-05-30 22:30:38,518 [pool-2-thread-1] (WaitScanCompletionJob.java:94) TRACE - Running "Querying"
Running query: UTF7_XSS (50%) Processing # 72 of 144
2011-05-30 22:31:38,558 [pool-2-thread-1] (WaitScanCompletionJob.java:56) TRACE - getScanStatus: GetStatusOfScanResult(<?xml version="1.0" encoding="utf-16"?>
<GetScanStatusReplySchema xmlns:xsi="http://www.w3.org/2001/XMLSchema-instance" xmlns:xsd="http://www.w3.org/2001/XMLSchema" xmlns="CxWebAPI.xsd">
  <IsSuccesfull>true</IsSuccesfull>
  <ReturnValue>
    <Status RunId="d5e69765-349a-4804-a9cb-77ff04c11424" RunStatus="Running" TotalPercent="88" CurrentStage="20" StageName="Querying" CurrentStagePercent="77" StageMessage="Running query: ReDoS_In_Replace" StepMessage="Processing # 112 of 144" Details="ReDoS_In_Replace" TimeStarted="30/05/2011 22:25:20" TimeFinished="30/05/2013 22:25:20" QueuePosition="-1" />
  </ReturnValue>
</GetScanStatusReplySchema>)
2011-05-30 22:31:38,558 [pool-2-thread-1] (WaitScanCompletionJob.java:68) INFO  - Total scan worked: 88%
2011-05-30 22:31:38,558 [pool-2-thread-1] (WaitScanCompletionJob.java:84) INFO  - Current stage:  "Querying" - Running query: ReDoS_In_Replace
2011-05-30 22:31:38,558 [pool-2-thread-1] (WaitScanCompletionJob.java:94) TRACE - Running "Querying"
Running query: ReDoS_In_Replace (77%) Processing # 112 of 144
2011-05-30 22:32:38,582 [pool-2-thread-1] (WaitScanCompletionJob.java:56) TRACE - getScanStatus: GetStatusOfScanResult(<?xml version="1.0" encoding="utf-16"?>
<GetScanStatusReplySchema xmlns:xsi="http://www.w3.org/2001/XMLSchema-instance" xmlns:xsd="http://www.w3.org/2001/XMLSchema" xmlns="CxWebAPI.xsd">
  <IsSuccesfull>true</IsSuccesfull>
  <ReturnValue>
    <Status RunId="d5e69765-349a-4804-a9cb-77ff04c11424" RunStatus="Running" TotalPercent="97" CurrentStage="20" StageName="Querying" CurrentStagePercent="94" StageMessage="Running query: DOM_Code_Injection" StepMessage="Processing # 136 of 144" Details="DOM_Code_Injection" TimeStarted="30/05/2011 22:25:20" TimeFinished="30/05/2013 22:25:20" QueuePosition="-1" />
  </ReturnValue>
</GetScanStatusReplySchema>)
2011-05-30 22:32:38,582 [pool-2-thread-1] (WaitScanCompletionJob.java:68) INFO  - Total scan worked: 97%
2011-05-30 22:32:38,582 [pool-2-thread-1] (WaitScanCompletionJob.java:84) INFO  - Current stage:  "Querying" - Running query: DOM_Code_Injection
2011-05-30 22:32:38,582 [pool-2-thread-1] (WaitScanCompletionJob.java:94) TRACE - Running "Querying"
Running query: DOM_Code_Injection (94%) Processing # 136 of 144
2011-05-30 22:33:38,607 [pool-2-thread-1] (WaitScanCompletionJob.java:56) TRACE - getScanStatus: GetStatusOfScanResult(<?xml version="1.0" encoding="utf-16"?>
<GetScanStatusReplySchema xmlns:xsi="http://www.w3.org/2001/XMLSchema-instance" xmlns:xsd="http://www.w3.org/2001/XMLSchema" xmlns="CxWebAPI.xsd">
  <IsSuccesfull>true</IsSuccesfull>
  <ReturnValue>
    <Status RunId="d5e69765-349a-4804-a9cb-77ff04c11424" RunStatus="Running" TotalPercent="99" CurrentStage="20" StageName="Querying" CurrentStagePercent="99" StageMessage="Running query: XSRF" StepMessage="Processing # 143 of 144" Details="XSRF" TimeStarted="30/05/2011 22:25:20" TimeFinished="30/05/2013 22:25:20" QueuePosition="-1" />
  </ReturnValue>
</GetScanStatusReplySchema>)
2011-05-30 22:33:38,607 [pool-2-thread-1] (WaitScanCompletionJob.java:68) INFO  - Total scan worked: 99%
2011-05-30 22:33:38,607 [pool-2-thread-1] (WaitScanCompletionJob.java:84) INFO  - Current stage:  "Querying" - Running query: XSRF
2011-05-30 22:33:38,607 [pool-2-thread-1] (WaitScanCompletionJob.java:94) TRACE - Running "Querying"
Running query: XSRF (99%) Processing # 143 of 144
2011-05-30 22:34:38,631 [pool-2-thread-1] (WaitScanCompletionJob.java:56) TRACE - getScanStatus: GetStatusOfScanResult(<?xml version="1.0" encoding="utf-16"?>
<GetScanStatusReplySchema xmlns:xsi="http://www.w3.org/2001/XMLSchema-instance" xmlns:xsd="http://www.w3.org/2001/XMLSchema" xmlns="CxWebAPI.xsd">
  <IsSuccesfull>true</IsSuccesfull>
  <ReturnValue>
    <Status RunId="d5e69765-349a-4804-a9cb-77ff04c11424" RunStatus="Running" TotalPercent="99" CurrentStage="20" CurrentStagePercent="0" StageMessage="Saving results..." Details="XSRF" TimeStarted="30/05/2011 22:25:20" TimeFinished="30/05/2011 22:33:27" QueuePosition="-1" />
  </ReturnValue>
</GetScanStatusReplySchema>)
2011-05-30 22:34:38,631 [pool-2-thread-1] (WaitScanCompletionJob.java:68) INFO  - Total scan worked: 99%
2011-05-30 22:34:38,631 [pool-2-thread-1] (WaitScanCompletionJob.java:88) INFO  - Current stage: Saving results...
2011-05-30 22:34:38,631 [pool-2-thread-1] (WaitScanCompletionJob.java:94) TRACE - Running
Saving results... (0%) 
2011-05-30 22:35:38,656 [pool-2-thread-1] (WaitScanCompletionJob.java:56) TRACE - getScanStatus: GetStatusOfScanResult(<?xml version="1.0" encoding="utf-16"?>
<GetScanStatusReplySchema xmlns:xsi="http://www.w3.org/2001/XMLSchema-instance" xmlns:xsd="http://www.w3.org/2001/XMLSchema" xmlns="CxWebAPI.xsd">
  <IsSuccesfull>true</IsSuccesfull>
  <ReturnValue>
    <Status RunId="d5e69765-349a-4804-a9cb-77ff04c11424" RunStatus="Finished" TotalPercent="100" CurrentStage="2147483647" StageName="" CurrentStagePercent="0" StageMessage="Finish saving results" StepMessage="" Details="" TimeStarted="30/05/2011 22:25:20" TimeFinished="30/05/2011 22:35:10" QueuePosition="-1" />
  </ReturnValue>
</GetScanStatusReplySchema>)
2011-05-30 22:35:38,656 [pool-2-thread-1] (WaitScanCompletionJob.java:68) INFO  - Total scan worked: 100%
2011-05-30 22:35:38,656 [pool-2-thread-1] (WaitScanCompletionJob.java:88) INFO  - Current stage: Finish saving results
2011-05-30 22:35:38,656 [pool-2-thread-1] (WaitScanCompletionJob.java:94) TRACE - Finished
Finish saving results (0%) 
2011-05-30 22:35:38,671 [pool-1-thread-1] (CxScanJob.java:158) INFO  - Retrieving results
2011-06-08 21:30:53,836 [pool-1-thread-1] (CxScanJob.java:78) INFO  - Packing project
2011-06-08 21:30:58,414 [pool-1-thread-1] (CxScanJob.java:97) INFO  - Project name is "console.project_1307557858414"
2011-06-08 21:30:58,430 [pool-1-thread-1] (CxScanJob.java:106) INFO  - Log in
2011-06-08 21:31:01,368 [pool-1-thread-1] (CxScanJob.java:112) INFO  - Retrieving scan configurations
2011-06-08 21:31:02,040 [pool-1-thread-1] (CxScanJob.java:130) INFO  - Request scan
2011-06-09 00:37:04,554 [pool-1-thread-1] (CxScanJob.java:78) INFO  - Packing project
2011-06-09 00:37:06,288 [pool-1-thread-1] (CxScanJob.java:97) INFO  - Project name is "console.project_1307569026288"
2011-06-09 00:37:06,288 [pool-1-thread-1] (CxScanJob.java:106) INFO  - Log in
2011-06-09 00:37:06,663 [pool-1-thread-1] (CxScanJob.java:112) INFO  - Retrieving scan configurations
2011-06-09 00:37:06,742 [pool-1-thread-1] (CxScanJob.java:130) INFO  - Request scan
2011-06-09 00:37:17,962 [pool-1-thread-1] (CxScanJob.java:416) TRACE - Project scan request response:RunScanResult(scanId:3be622ad-572a-4376-9ba9-aa36e1d8818d)
2011-06-09 00:37:17,978 [pool-2-thread-1] (WaitScanCompletionJob.java:56) TRACE - getScanStatus: GetStatusOfScanResult(<?xml version="1.0" encoding="utf-16"?>
<GetScanStatusReplySchema xmlns:xsi="http://www.w3.org/2001/XMLSchema-instance" xmlns:xsd="http://www.w3.org/2001/XMLSchema" xmlns="CxWebAPI.xsd">
  <IsSuccesfull>true</IsSuccesfull>
  <ReturnValue>
    <Status RunId="3be622ad-572a-4376-9ba9-aa36e1d8818d" RunStatus="Running" TotalPercent="0" CurrentStage="0" CurrentStagePercent="0" StageMessage="" Details="N/A" TimeStarted="09/06/2011 00:29:06" TimeFinished="09/06/2013 00:29:06" QueuePosition="-1" />
  </ReturnValue>
</GetScanStatusReplySchema>)
2011-06-09 00:37:17,978 [pool-2-thread-1] (WaitScanCompletionJob.java:68) INFO  - Total scan worked: 0%
2011-06-09 00:37:17,978 [pool-2-thread-1] (WaitScanCompletionJob.java:90) INFO  - Scan state: Running
2011-06-09 00:37:17,978 [pool-2-thread-1] (WaitScanCompletionJob.java:94) TRACE - Running
 (0%) 
2011-06-09 00:38:18,017 [pool-2-thread-1] (WaitScanCompletionJob.java:56) TRACE - getScanStatus: GetStatusOfScanResult(<?xml version="1.0" encoding="utf-16"?>
<GetScanStatusReplySchema xmlns:xsi="http://www.w3.org/2001/XMLSchema-instance" xmlns:xsd="http://www.w3.org/2001/XMLSchema" xmlns="CxWebAPI.xsd">
  <IsSuccesfull>true</IsSuccesfull>
  <ReturnValue>
    <Status RunId="3be622ad-572a-4376-9ba9-aa36e1d8818d" RunStatus="Running" TotalPercent="25" CurrentStage="11" StageName="Saving code flows" CurrentStagePercent="27" StageMessage="Stage # 12 of 22" StepMessage="Processing # 384 of 1419" Details="org.owasp.webgoat.lessons.LessonAdapter.getCredits" TimeStarted="09/06/2011 00:29:06" TimeFinished="09/06/2013 00:29:06" QueuePosition="-1" />
  </ReturnValue>
</GetScanStatusReplySchema>)
2011-06-09 00:38:18,017 [pool-2-thread-1] (WaitScanCompletionJob.java:68) INFO  - Total scan worked: 25%
2011-06-09 00:38:18,017 [pool-2-thread-1] (WaitScanCompletionJob.java:84) INFO  - Current stage:  "Saving code flows" - Stage # 12 of 22
2011-06-09 00:38:18,017 [pool-2-thread-1] (WaitScanCompletionJob.java:94) TRACE - Running "Saving code flows"
Stage # 12 of 22 (27%) Processing # 384 of 1419
2011-06-09 00:39:18,041 [pool-2-thread-1] (WaitScanCompletionJob.java:56) TRACE - getScanStatus: GetStatusOfScanResult(<?xml version="1.0" encoding="utf-16"?>
<GetScanStatusReplySchema xmlns:xsi="http://www.w3.org/2001/XMLSchema-instance" xmlns:xsd="http://www.w3.org/2001/XMLSchema" xmlns="CxWebAPI.xsd">
  <IsSuccesfull>true</IsSuccesfull>
  <ReturnValue>
    <Status RunId="3be622ad-572a-4376-9ba9-aa36e1d8818d" RunStatus="Running" TotalPercent="27" CurrentStage="12" StageName="Optimizing memory" CurrentStagePercent="44" StageMessage="Stage # 13 of 22" StepMessage="Processing # 4323 of 9609" Details="org.owasp.webgoat.lessons.Encoding.createContent" TimeStarted="09/06/2011 00:29:06" TimeFinished="09/06/2013 00:29:06" QueuePosition="-1" />
  </ReturnValue>
</GetScanStatusReplySchema>)
2011-06-09 00:39:18,057 [pool-2-thread-1] (WaitScanCompletionJob.java:68) INFO  - Total scan worked: 27%
2011-06-09 00:39:18,057 [pool-2-thread-1] (WaitScanCompletionJob.java:84) INFO  - Current stage:  "Optimizing memory" - Stage # 13 of 22
2011-06-09 00:39:18,057 [pool-2-thread-1] (WaitScanCompletionJob.java:94) TRACE - Running "Optimizing memory"
Stage # 13 of 22 (44%) Processing # 4323 of 9609
2011-06-09 00:40:18,081 [pool-2-thread-1] (WaitScanCompletionJob.java:56) TRACE - getScanStatus: GetStatusOfScanResult(<?xml version="1.0" encoding="utf-16"?>
<GetScanStatusReplySchema xmlns:xsi="http://www.w3.org/2001/XMLSchema-instance" xmlns:xsd="http://www.w3.org/2001/XMLSchema" xmlns="CxWebAPI.xsd">
  <IsSuccesfull>true</IsSuccesfull>
  <ReturnValue>
    <Status RunId="3be622ad-572a-4376-9ba9-aa36e1d8818d" RunStatus="Running" TotalPercent="29" CurrentStage="13" StageName="Analyzing internal representation" CurrentStagePercent="39" StageMessage="Stage # 14 of 22" StepMessage="Processing # 2215 of 5676" Details="Stage # 14 of 22" TimeStarted="09/06/2011 00:29:06" TimeFinished="09/06/2013 00:29:06" QueuePosition="-1" />
  </ReturnValue>
</GetScanStatusReplySchema>)
2011-06-09 00:40:18,081 [pool-2-thread-1] (WaitScanCompletionJob.java:68) INFO  - Total scan worked: 29%
2011-06-09 00:40:18,081 [pool-2-thread-1] (WaitScanCompletionJob.java:84) INFO  - Current stage:  "Analyzing internal representation" - Stage # 14 of 22
2011-06-09 00:40:18,081 [pool-2-thread-1] (WaitScanCompletionJob.java:94) TRACE - Running "Analyzing internal representation"
Stage # 14 of 22 (39%) Processing # 2215 of 5676
2011-06-09 00:41:18,105 [pool-2-thread-1] (WaitScanCompletionJob.java:56) TRACE - getScanStatus: GetStatusOfScanResult(<?xml version="1.0" encoding="utf-16"?>
<GetScanStatusReplySchema xmlns:xsi="http://www.w3.org/2001/XMLSchema-instance" xmlns:xsd="http://www.w3.org/2001/XMLSchema" xmlns="CxWebAPI.xsd">
  <IsSuccesfull>true</IsSuccesfull>
  <ReturnValue>
    <Status RunId="3be622ad-572a-4376-9ba9-aa36e1d8818d" RunStatus="Running" TotalPercent="60" CurrentStage="20" StageName="Querying" CurrentStagePercent="21" StageMessage="Running query: Dynamic_SQL_Queries" StepMessage="Processing # 31 of 144" Details="Dynamic_SQL_Queries" TimeStarted="09/06/2011 00:29:06" TimeFinished="09/06/2013 00:29:06" QueuePosition="-1" />
  </ReturnValue>
</GetScanStatusReplySchema>)
2011-06-09 00:41:18,105 [pool-2-thread-1] (WaitScanCompletionJob.java:68) INFO  - Total scan worked: 60%
2011-06-09 00:41:18,105 [pool-2-thread-1] (WaitScanCompletionJob.java:84) INFO  - Current stage:  "Querying" - Running query: Dynamic_SQL_Queries
2011-06-09 00:41:18,105 [pool-2-thread-1] (WaitScanCompletionJob.java:94) TRACE - Running "Querying"
Running query: Dynamic_SQL_Queries (21%) Processing # 31 of 144
2011-06-09 00:42:18,145 [pool-2-thread-1] (WaitScanCompletionJob.java:56) TRACE - getScanStatus: GetStatusOfScanResult(<?xml version="1.0" encoding="utf-16"?>
<GetScanStatusReplySchema xmlns:xsi="http://www.w3.org/2001/XMLSchema-instance" xmlns:xsd="http://www.w3.org/2001/XMLSchema" xmlns="CxWebAPI.xsd">
  <IsSuccesfull>true</IsSuccesfull>
  <ReturnValue>
    <Status RunId="3be622ad-572a-4376-9ba9-aa36e1d8818d" RunStatus="Running" TotalPercent="69" CurrentStage="20" StageName="Querying" CurrentStagePercent="39" StageMessage="Running query: Improper_Session_Management" StepMessage="Processing # 57 of 144" Details="Improper_Session_Management" TimeStarted="09/06/2011 00:29:06" TimeFinished="09/06/2013 00:29:06" QueuePosition="-1" />
  </ReturnValue>
</GetScanStatusReplySchema>)
2011-06-09 00:42:18,145 [pool-2-thread-1] (WaitScanCompletionJob.java:68) INFO  - Total scan worked: 69%
2011-06-09 00:42:18,145 [pool-2-thread-1] (WaitScanCompletionJob.java:84) INFO  - Current stage:  "Querying" - Running query: Improper_Session_Management
2011-06-09 00:42:18,145 [pool-2-thread-1] (WaitScanCompletionJob.java:94) TRACE - Running "Querying"
Running query: Improper_Session_Management (39%) Processing # 57 of 144
2011-06-09 00:43:18,184 [pool-2-thread-1] (WaitScanCompletionJob.java:56) TRACE - getScanStatus: GetStatusOfScanResult(<?xml version="1.0" encoding="utf-16"?>
<GetScanStatusReplySchema xmlns:xsi="http://www.w3.org/2001/XMLSchema-instance" xmlns:xsd="http://www.w3.org/2001/XMLSchema" xmlns="CxWebAPI.xsd">
  <IsSuccesfull>true</IsSuccesfull>
  <ReturnValue>
    <Status RunId="3be622ad-572a-4376-9ba9-aa36e1d8818d" RunStatus="Running" TotalPercent="81" CurrentStage="20" StageName="Querying" CurrentStagePercent="63" StageMessage="Running query: Privacy_Violation" StepMessage="Processing # 91 of 144" Details="Privacy_Violation" TimeStarted="09/06/2011 00:29:06" TimeFinished="09/06/2013 00:29:06" QueuePosition="-1" />
  </ReturnValue>
</GetScanStatusReplySchema>)
2011-06-09 00:43:18,184 [pool-2-thread-1] (WaitScanCompletionJob.java:68) INFO  - Total scan worked: 81%
2011-06-09 00:43:18,200 [pool-2-thread-1] (WaitScanCompletionJob.java:84) INFO  - Current stage:  "Querying" - Running query: Privacy_Violation
2011-06-09 00:43:18,200 [pool-2-thread-1] (WaitScanCompletionJob.java:94) TRACE - Running "Querying"
Running query: Privacy_Violation (63%) Processing # 91 of 144
2011-06-09 00:44:18,224 [pool-2-thread-1] (WaitScanCompletionJob.java:56) TRACE - getScanStatus: GetStatusOfScanResult(<?xml version="1.0" encoding="utf-16"?>
<GetScanStatusReplySchema xmlns:xsi="http://www.w3.org/2001/XMLSchema-instance" xmlns:xsd="http://www.w3.org/2001/XMLSchema" xmlns="CxWebAPI.xsd">
  <IsSuccesfull>true</IsSuccesfull>
  <ReturnValue>
    <Status RunId="3be622ad-572a-4376-9ba9-aa36e1d8818d" RunStatus="Running" TotalPercent="94" CurrentStage="20" StageName="Querying" CurrentStagePercent="88" StageMessage="Running query: Client_Potential_ReDoS_In_Match" StepMessage="Processing # 127 of 144" Details="Client_Potential_ReDoS_In_Match" TimeStarted="09/06/2011 00:29:06" TimeFinished="09/06/2013 00:29:06" QueuePosition="-1" />
  </ReturnValue>
</GetScanStatusReplySchema>)
2011-06-09 00:44:18,224 [pool-2-thread-1] (WaitScanCompletionJob.java:68) INFO  - Total scan worked: 94%
2011-06-09 00:44:18,224 [pool-2-thread-1] (WaitScanCompletionJob.java:84) INFO  - Current stage:  "Querying" - Running query: Client_Potential_ReDoS_In_Match
2011-06-09 00:44:18,224 [pool-2-thread-1] (WaitScanCompletionJob.java:94) TRACE - Running "Querying"
Running query: Client_Potential_ReDoS_In_Match (88%) Processing # 127 of 144
2011-06-09 00:45:18,248 [pool-2-thread-1] (WaitScanCompletionJob.java:56) TRACE - getScanStatus: GetStatusOfScanResult(<?xml version="1.0" encoding="utf-16"?>
<GetScanStatusReplySchema xmlns:xsi="http://www.w3.org/2001/XMLSchema-instance" xmlns:xsd="http://www.w3.org/2001/XMLSchema" xmlns="CxWebAPI.xsd">
  <IsSuccesfull>true</IsSuccesfull>
  <ReturnValue>
    <Status RunId="3be622ad-572a-4376-9ba9-aa36e1d8818d" RunStatus="Running" TotalPercent="98" CurrentStage="20" StageName="Querying" CurrentStagePercent="97" StageMessage="Running query: DOM_XSS" StepMessage="Processing # 141 of 144" Details="DOM_XSS" TimeStarted="09/06/2011 00:29:06" TimeFinished="09/06/2013 00:29:06" QueuePosition="-1" />
  </ReturnValue>
</GetScanStatusReplySchema>)
2011-06-09 00:45:18,248 [pool-2-thread-1] (WaitScanCompletionJob.java:68) INFO  - Total scan worked: 98%
2011-06-09 00:45:18,248 [pool-2-thread-1] (WaitScanCompletionJob.java:84) INFO  - Current stage:  "Querying" - Running query: DOM_XSS
2011-06-09 00:45:18,248 [pool-2-thread-1] (WaitScanCompletionJob.java:94) TRACE - Running "Querying"
Running query: DOM_XSS (97%) Processing # 141 of 144
2011-06-09 00:46:18,272 [pool-2-thread-1] (WaitScanCompletionJob.java:56) TRACE - getScanStatus: GetStatusOfScanResult(<?xml version="1.0" encoding="utf-16"?>
<GetScanStatusReplySchema xmlns:xsi="http://www.w3.org/2001/XMLSchema-instance" xmlns:xsd="http://www.w3.org/2001/XMLSchema" xmlns="CxWebAPI.xsd">
  <IsSuccesfull>true</IsSuccesfull>
  <ReturnValue>
    <Status RunId="3be622ad-572a-4376-9ba9-aa36e1d8818d" RunStatus="Running" TotalPercent="99" CurrentStage="20" CurrentStagePercent="0" StageMessage="Saving results..." Details="XSRF" TimeStarted="09/06/2011 00:29:06" TimeFinished="09/06/2011 00:37:51" QueuePosition="-1" />
  </ReturnValue>
</GetScanStatusReplySchema>)
2011-06-09 00:46:18,272 [pool-2-thread-1] (WaitScanCompletionJob.java:68) INFO  - Total scan worked: 99%
2011-06-09 00:46:18,272 [pool-2-thread-1] (WaitScanCompletionJob.java:88) INFO  - Current stage: Saving results...
2011-06-09 00:46:18,272 [pool-2-thread-1] (WaitScanCompletionJob.java:94) TRACE - Running
Saving results... (0%) 
2011-06-09 00:47:18,312 [pool-2-thread-1] (WaitScanCompletionJob.java:56) TRACE - getScanStatus: GetStatusOfScanResult(<?xml version="1.0" encoding="utf-16"?>
<GetScanStatusReplySchema xmlns:xsi="http://www.w3.org/2001/XMLSchema-instance" xmlns:xsd="http://www.w3.org/2001/XMLSchema" xmlns="CxWebAPI.xsd">
  <IsSuccesfull>true</IsSuccesfull>
  <ReturnValue>
    <Status RunId="3be622ad-572a-4376-9ba9-aa36e1d8818d" RunStatus="Running" TotalPercent="99" CurrentStage="20" CurrentStagePercent="0" StageMessage="Saving results..." Details="XSRF" TimeStarted="09/06/2011 00:29:06" TimeFinished="09/06/2011 00:37:51" QueuePosition="-1" />
  </ReturnValue>
</GetScanStatusReplySchema>)
2011-06-09 00:47:18,312 [pool-2-thread-1] (WaitScanCompletionJob.java:68) INFO  - Total scan worked: 99%
2011-06-09 00:47:18,312 [pool-2-thread-1] (WaitScanCompletionJob.java:88) INFO  - Current stage: Saving results...
2011-06-09 00:47:18,312 [pool-2-thread-1] (WaitScanCompletionJob.java:94) TRACE - Running
Saving results... (0%) 
2011-06-09 00:48:18,336 [pool-2-thread-1] (WaitScanCompletionJob.java:56) TRACE - getScanStatus: GetStatusOfScanResult(<?xml version="1.0" encoding="utf-16"?>
<GetScanStatusReplySchema xmlns:xsi="http://www.w3.org/2001/XMLSchema-instance" xmlns:xsd="http://www.w3.org/2001/XMLSchema" xmlns="CxWebAPI.xsd">
  <IsSuccesfull>true</IsSuccesfull>
  <ReturnValue>
    <Status RunId="3be622ad-572a-4376-9ba9-aa36e1d8818d" RunStatus="Finished" TotalPercent="100" CurrentStage="2147483647" StageName="" CurrentStagePercent="0" StageMessage="Finish saving results" StepMessage="" Details="" TimeStarted="09/06/2011 00:29:06" TimeFinished="09/06/2011 00:39:37" QueuePosition="-1" />
  </ReturnValue>
</GetScanStatusReplySchema>)
2011-06-09 00:48:18,367 [pool-2-thread-1] (WaitScanCompletionJob.java:68) INFO  - Total scan worked: 100%
2011-06-09 00:48:18,399 [pool-2-thread-1] (WaitScanCompletionJob.java:88) INFO  - Current stage: Finish saving results
2011-06-09 00:48:18,430 [pool-2-thread-1] (WaitScanCompletionJob.java:94) TRACE - Finished
Finish saving results (0%) 
2011-06-09 00:48:18,461 [pool-1-thread-1] (CxScanJob.java:158) INFO  - Retrieving results
2011-06-09 10:36:30,789 [pool-1-thread-1] (CxScanJob.java:78) INFO  - Packing project
2011-06-09 10:36:36,227 [pool-1-thread-1] (CxScanJob.java:97) INFO  - Project name is "console.project_1307604996227"
2011-06-09 10:36:36,227 [pool-1-thread-1] (CxScanJob.java:106) INFO  - Log in
2011-06-09 10:36:36,634 [pool-1-thread-1] (CxScanJob.java:112) INFO  - Retrieving scan configurations
2011-06-09 10:36:36,743 [pool-1-thread-1] (CxScanJob.java:130) INFO  - Request scan
